0 verbose cli /usr/local/bin/node /usr/local/bin/npm
1 info using npm@11.6.2
2 info using node@v24.11.1
3 silly config load:file:/usr/local/lib/node_modules/npm/npmrc
4 silly config load:file:/Users/alexgilbert/Documents/UMBC/IS436-Project-1/.npmrc
5 silly config load:file:/Users/alexgilbert/.npmrc
6 silly config load:file:/usr/local/etc/npmrc
7 verbose title npm install
8 verbose argv "install" "--cache" "./.npm-cache"
9 verbose logfile logs-max:10 dir:/Users/alexgilbert/Documents/UMBC/IS436-Project-1/.npm-cache/_logs/2026-05-10T01_10_35_081Z-
10 verbose logfile /Users/alexgilbert/Documents/UMBC/IS436-Project-1/.npm-cache/_logs/2026-05-10T01_10_35_081Z-debug-0.log
11 silly logfile done cleaning log files
12 silly packumentCache heap:2348810240 maxSize:587202560 maxEntrySize:293601280
13 silly idealTree buildDeps
14 silly reify moves {}
15 silly audit bulk request {
15 silly audit   '@types/node': [ '25.6.2' ],
15 silly audit   accepts: [ '2.0.0' ],
15 silly audit   'aws-ssl-profiles': [ '1.1.2' ],
15 silly audit   'body-parser': [ '2.2.2' ],
15 silly audit   bytes: [ '3.1.2' ],
15 silly audit   'call-bind-apply-helpers': [ '1.0.2' ],
15 silly audit   'call-bound': [ '1.0.4' ],
15 silly audit   'content-disposition': [ '1.1.0' ],
15 silly audit   'content-type': [ '1.0.5' ],
15 silly audit   cookie: [ '0.7.2' ],
15 silly audit   'cookie-signature': [ '1.2.2' ],
15 silly audit   debug: [ '4.4.3' ],
15 silly audit   denque: [ '2.1.0' ],
15 silly audit   depd: [ '2.0.0' ],
15 silly audit   dotenv: [ '16.6.1' ],
15 silly audit   'dunder-proto': [ '1.0.1' ],
15 silly audit   'ee-first': [ '1.1.1' ],
15 silly audit   encodeurl: [ '2.0.0' ],
15 silly audit   'es-define-property': [ '1.0.1' ],
15 silly audit   'es-errors': [ '1.3.0' ],
15 silly audit   'es-object-atoms': [ '1.1.1' ],
15 silly audit   'escape-html': [ '1.0.3' ],
15 silly audit   etag: [ '1.8.1' ],
15 silly audit   express: [ '5.2.1' ],
15 silly audit   finalhandler: [ '2.1.1' ],
15 silly audit   forwarded: [ '0.2.0' ],
15 silly audit   fresh: [ '2.0.0' ],
15 silly audit   'function-bind': [ '1.1.2' ],
15 silly audit   'generate-function': [ '2.3.1' ],
15 silly audit   'get-intrinsic': [ '1.3.0' ],
15 silly audit   'get-proto': [ '1.0.1' ],
15 silly audit   gopd: [ '1.2.0' ],
15 silly audit   'has-symbols': [ '1.1.0' ],
15 silly audit   hasown: [ '2.0.3' ],
15 silly audit   'http-errors': [ '2.0.1' ],
15 silly audit   'iconv-lite': [ '0.7.2' ],
15 silly audit   inherits: [ '2.0.4' ],
15 silly audit   'ipaddr.js': [ '1.9.1' ],
15 silly audit   'is-promise': [ '4.0.0' ],
15 silly audit   'is-property': [ '1.0.2' ],
15 silly audit   long: [ '5.3.2' ],
15 silly audit   'lru.min': [ '1.1.4' ],
15 silly audit   'math-intrinsics': [ '1.1.0' ],
15 silly audit   'media-typer': [ '1.1.0' ],
15 silly audit   'merge-descriptors': [ '2.0.0' ],
15 silly audit   'mime-db': [ '1.54.0' ],
15 silly audit   'mime-types': [ '3.0.2' ],
15 silly audit   ms: [ '2.1.3' ],
15 silly audit   mysql2: [ '3.22.3' ],
15 silly audit   'named-placeholders': [ '1.1.6' ],
15 silly audit   negotiator: [ '1.0.0' ],
15 silly audit   'object-inspect': [ '1.13.4' ],
15 silly audit   'on-finished': [ '2.4.1' ],
15 silly audit   once: [ '1.4.0' ],
15 silly audit   parseurl: [ '1.3.3' ],
15 silly audit   'path-to-regexp': [ '8.4.2' ],
15 silly audit   'proxy-addr': [ '2.0.7' ],
15 silly audit   qs: [ '6.15.1' ],
15 silly audit   'range-parser': [ '1.2.1' ],
15 silly audit   'raw-body': [ '3.0.2' ],
15 silly audit   router: [ '2.2.0' ],
15 silly audit   'safer-buffer': [ '2.1.2' ],
15 silly audit   send: [ '1.2.1' ],
15 silly audit   'serve-static': [ '2.2.1' ],
15 silly audit   setprototypeof: [ '1.2.0' ],
15 silly audit   'side-channel': [ '1.1.0' ],
15 silly audit   'side-channel-list': [ '1.0.1' ],
15 silly audit   'side-channel-map': [ '1.0.1' ],
15 silly audit   'side-channel-weakmap': [ '1.0.2' ],
15 silly audit   'sql-escaper': [ '1.3.3' ],
15 silly audit   statuses: [ '2.0.2' ],
15 silly audit   toidentifier: [ '1.0.1' ],
15 silly audit   'type-is': [ '2.0.1' ],
15 silly audit   'undici-types': [ '7.19.2' ],
15 silly audit   unpipe: [ '1.0.0' ],
15 silly audit   vary: [ '1.1.2' ],
15 silly audit   wrappy: [ '1.0.2' ]
15 silly audit }
16 http cache vary@https://registry.npmjs.org/vary/-/vary-1.1.2.tgz 0ms (cache hit)
17 http cache wrappy@https://registry.npmjs.org/wrappy/-/wrappy-1.0.2.tgz 0ms (cache hit)
18 http cache undici-types@https://registry.npmjs.org/undici-types/-/undici-types-7.19.2.tgz 0ms (cache hit)
19 http cache unpipe@https://registry.npmjs.org/unpipe/-/unpipe-1.0.0.tgz 0ms (cache hit)
20 http cache statuses@https://registry.npmjs.org/statuses/-/statuses-2.0.2.tgz 0ms (cache hit)
21 http cache toidentifier@https://registry.npmjs.org/toidentifier/-/toidentifier-1.0.1.tgz 0ms (cache hit)
22 http cache sql-escaper@https://registry.npmjs.org/sql-escaper/-/sql-escaper-1.3.3.tgz 0ms (cache hit)
23 http cache side-channel-weakmap@https://registry.npmjs.org/side-channel-weakmap/-/side-channel-weakmap-1.0.2.tgz 0ms (cache hit)
24 http cache type-is@https://registry.npmjs.org/type-is/-/type-is-2.0.1.tgz 0ms (cache hit)
25 http cache side-channel-map@https://registry.npmjs.org/side-channel-map/-/side-channel-map-1.0.1.tgz 0ms (cache hit)
26 http cache side-channel-list@https://registry.npmjs.org/side-channel-list/-/side-channel-list-1.0.1.tgz 0ms (cache hit)
27 http cache side-channel@https://registry.npmjs.org/side-channel/-/side-channel-1.1.0.tgz 0ms (cache hit)
28 http cache serve-static@https://registry.npmjs.org/serve-static/-/serve-static-2.2.1.tgz 0ms (cache hit)
29 http cache setprototypeof@https://registry.npmjs.org/setprototypeof/-/setprototypeof-1.2.0.tgz 0ms (cache hit)
30 http cache safer-buffer@https://registry.npmjs.org/safer-buffer/-/safer-buffer-2.1.2.tgz 0ms (cache hit)
31 http cache router@https://registry.npmjs.org/router/-/router-2.2.0.tgz 0ms (cache hit)
32 http cache send@https://registry.npmjs.org/send/-/send-1.2.1.tgz 0ms (cache hit)
33 http cache raw-body@https://registry.npmjs.org/raw-body/-/raw-body-3.0.2.tgz 0ms (cache hit)
34 http cache qs@https://registry.npmjs.org/qs/-/qs-6.15.1.tgz 0ms (cache hit)
35 http cache range-parser@https://registry.npmjs.org/range-parser/-/range-parser-1.2.1.tgz 0ms (cache hit)
36 http cache proxy-addr@https://registry.npmjs.org/proxy-addr/-/proxy-addr-2.0.7.tgz 0ms (cache hit)
37 http cache path-to-regexp@https://registry.npmjs.org/path-to-regexp/-/path-to-regexp-8.4.2.tgz 0ms (cache hit)
38 http cache parseurl@https://registry.npmjs.org/parseurl/-/parseurl-1.3.3.tgz 0ms (cache hit)
39 http cache once@https://registry.npmjs.org/once/-/once-1.4.0.tgz 0ms (cache hit)
40 http cache on-finished@https://registry.npmjs.org/on-finished/-/on-finished-2.4.1.tgz 0ms (cache hit)
41 http cache object-inspect@https://registry.npmjs.org/object-inspect/-/object-inspect-1.13.4.tgz 0ms (cache hit)
42 http cache negotiator@https://registry.npmjs.org/negotiator/-/negotiator-1.0.0.tgz 0ms (cache hit)
43 http cache named-placeholders@https://registry.npmjs.org/named-placeholders/-/named-placeholders-1.1.6.tgz 0ms (cache hit)
44 http cache mysql2@https://registry.npmjs.org/mysql2/-/mysql2-3.22.3.tgz 0ms (cache hit)
45 http cache ms@https://registry.npmjs.org/ms/-/ms-2.1.3.tgz 0ms (cache hit)
46 http cache mime-db@https://registry.npmjs.org/mime-db/-/mime-db-1.54.0.tgz 0ms (cache hit)
47 http cache merge-descriptors@https://registry.npmjs.org/merge-descriptors/-/merge-descriptors-2.0.0.tgz 0ms (cache hit)
48 http cache media-typer@https://registry.npmjs.org/media-typer/-/media-typer-1.1.0.tgz 0ms (cache hit)
49 http cache math-intrinsics@https://registry.npmjs.org/math-intrinsics/-/math-intrinsics-1.1.0.tgz 0ms (cache hit)
50 http cache lru.min@https://registry.npmjs.org/lru.min/-/lru.min-1.1.4.tgz 0ms (cache hit)
51 http cache long@https://registry.npmjs.org/long/-/long-5.3.2.tgz 0ms (cache hit)
52 http cache is-property@https://registry.npmjs.org/is-property/-/is-property-1.0.2.tgz 0ms (cache hit)
53 http cache is-promise@https://registry.npmjs.org/is-promise/-/is-promise-4.0.0.tgz 0ms (cache hit)
54 http cache ipaddr.js@https://registry.npmjs.org/ipaddr.js/-/ipaddr.js-1.9.1.tgz 0ms (cache hit)
55 http cache inherits@https://registry.npmjs.org/inherits/-/inherits-2.0.4.tgz 0ms (cache hit)
56 http cache iconv-lite@https://registry.npmjs.org/iconv-lite/-/iconv-lite-0.7.2.tgz 0ms (cache hit)
57 http cache hasown@https://registry.npmjs.org/hasown/-/hasown-2.0.3.tgz 0ms (cache hit)
58 http cache http-errors@https://registry.npmjs.org/http-errors/-/http-errors-2.0.1.tgz 0ms (cache hit)
59 http cache has-symbols@https://registry.npmjs.org/has-symbols/-/has-symbols-1.1.0.tgz 0ms (cache hit)
60 http cache gopd@https://registry.npmjs.org/gopd/-/gopd-1.2.0.tgz 0ms (cache hit)
61 http cache get-proto@https://registry.npmjs.org/get-proto/-/get-proto-1.0.1.tgz 0ms (cache hit)
62 http cache get-intrinsic@https://registry.npmjs.org/get-intrinsic/-/get-intrinsic-1.3.0.tgz 0ms (cache hit)
63 http cache function-bind@https://registry.npmjs.org/function-bind/-/function-bind-1.1.2.tgz 0ms (cache hit)
64 http cache generate-function@https://registry.npmjs.org/generate-function/-/generate-function-2.3.1.tgz 0ms (cache hit)
65 http cache fresh@https://registry.npmjs.org/fresh/-/fresh-2.0.0.tgz 0ms (cache hit)
66 http cache forwarded@https://registry.npmjs.org/forwarded/-/forwarded-0.2.0.tgz 0ms (cache hit)
67 http cache finalhandler@https://registry.npmjs.org/finalhandler/-/finalhandler-2.1.1.tgz 0ms (cache hit)
68 http cache express@https://registry.npmjs.org/express/-/express-5.2.1.tgz 0ms (cache hit)
69 http cache etag@https://registry.npmjs.org/etag/-/etag-1.8.1.tgz 0ms (cache hit)
70 http cache escape-html@https://registry.npmjs.org/escape-html/-/escape-html-1.0.3.tgz 0ms (cache hit)
71 http cache es-errors@https://registry.npmjs.org/es-errors/-/es-errors-1.3.0.tgz 0ms (cache hit)
72 http cache es-define-property@https://registry.npmjs.org/es-define-property/-/es-define-property-1.0.1.tgz 0ms (cache hit)
73 http cache mime-types@https://registry.npmjs.org/mime-types/-/mime-types-3.0.2.tgz 0ms (cache hit)
74 http cache es-object-atoms@https://registry.npmjs.org/es-object-atoms/-/es-object-atoms-1.1.1.tgz 0ms (cache hit)
75 http cache encodeurl@https://registry.npmjs.org/encodeurl/-/encodeurl-2.0.0.tgz 0ms (cache hit)
76 http cache dunder-proto@https://registry.npmjs.org/dunder-proto/-/dunder-proto-1.0.1.tgz 0ms (cache hit)
77 http cache dotenv@https://registry.npmjs.org/dotenv/-/dotenv-16.6.1.tgz 0ms (cache hit)
78 http cache depd@https://registry.npmjs.org/depd/-/depd-2.0.0.tgz 0ms (cache hit)
79 http cache denque@https://registry.npmjs.org/denque/-/denque-2.1.0.tgz 0ms (cache hit)
80 http cache debug@https://registry.npmjs.org/debug/-/debug-4.4.3.tgz 0ms (cache hit)
81 http cache cookie-signature@https://registry.npmjs.org/cookie-signature/-/cookie-signature-1.2.2.tgz 0ms (cache hit)
82 http cache cookie@https://registry.npmjs.org/cookie/-/cookie-0.7.2.tgz 0ms (cache hit)
83 http cache content-type@https://registry.npmjs.org/content-type/-/content-type-1.0.5.tgz 0ms (cache hit)
84 http cache content-disposition@https://registry.npmjs.org/content-disposition/-/content-disposition-1.1.0.tgz 0ms (cache hit)
85 http cache call-bound@https://registry.npmjs.org/call-bound/-/call-bound-1.0.4.tgz 0ms (cache hit)
86 http cache call-bind-apply-helpers@https://registry.npmjs.org/call-bind-apply-helpers/-/call-bind-apply-helpers-1.0.2.tgz 0ms (cache hit)
87 http cache bytes@https://registry.npmjs.org/bytes/-/bytes-3.1.2.tgz 0ms (cache hit)
88 http cache body-parser@https://registry.npmjs.org/body-parser/-/body-parser-2.2.2.tgz 0ms (cache hit)
89 http cache ee-first@https://registry.npmjs.org/ee-first/-/ee-first-1.1.1.tgz 0ms (cache hit)
90 http cache aws-ssl-profiles@https://registry.npmjs.org/aws-ssl-profiles/-/aws-ssl-profiles-1.1.2.tgz 0ms (cache hit)
91 http cache accepts@https://registry.npmjs.org/accepts/-/accepts-2.0.0.tgz 0ms (cache hit)
92 http cache @types/node@https://registry.npmjs.org/@types/node/-/node-25.6.2.tgz 0ms (cache hit)
93 silly tarball no local data for vary@https://registry.npmjs.org/vary/-/vary-1.1.2.tgz. Extracting by manifest.
94 silly tarball no local data for wrappy@https://registry.npmjs.org/wrappy/-/wrappy-1.0.2.tgz. Extracting by manifest.
95 silly tarball no local data for undici-types@https://registry.npmjs.org/undici-types/-/undici-types-7.19.2.tgz. Extracting by manifest.
96 silly tarball no local data for unpipe@https://registry.npmjs.org/unpipe/-/unpipe-1.0.0.tgz. Extracting by manifest.
97 silly tarball no local data for statuses@https://registry.npmjs.org/statuses/-/statuses-2.0.2.tgz. Extracting by manifest.
98 silly tarball no local data for toidentifier@https://registry.npmjs.org/toidentifier/-/toidentifier-1.0.1.tgz. Extracting by manifest.
99 silly tarball no local data for sql-escaper@https://registry.npmjs.org/sql-escaper/-/sql-escaper-1.3.3.tgz. Extracting by manifest.
100 silly tarball no local data for side-channel-weakmap@https://registry.npmjs.org/side-channel-weakmap/-/side-channel-weakmap-1.0.2.tgz. Extracting by manifest.
101 silly tarball no local data for type-is@https://registry.npmjs.org/type-is/-/type-is-2.0.1.tgz. Extracting by manifest.
102 silly tarball no local data for side-channel-map@https://registry.npmjs.org/side-channel-map/-/side-channel-map-1.0.1.tgz. Extracting by manifest.
103 silly tarball no local data for side-channel-list@https://registry.npmjs.org/side-channel-list/-/side-channel-list-1.0.1.tgz. Extracting by manifest.
104 silly tarball no local data for side-channel@https://registry.npmjs.org/side-channel/-/side-channel-1.1.0.tgz. Extracting by manifest.
105 silly tarball no local data for serve-static@https://registry.npmjs.org/serve-static/-/serve-static-2.2.1.tgz. Extracting by manifest.
106 silly tarball no local data for setprototypeof@https://registry.npmjs.org/setprototypeof/-/setprototypeof-1.2.0.tgz. Extracting by manifest.
107 silly tarball no local data for safer-buffer@https://registry.npmjs.org/safer-buffer/-/safer-buffer-2.1.2.tgz. Extracting by manifest.
108 silly tarball no local data for router@https://registry.npmjs.org/router/-/router-2.2.0.tgz. Extracting by manifest.
109 silly tarball no local data for send@https://registry.npmjs.org/send/-/send-1.2.1.tgz. Extracting by manifest.
110 silly tarball no local data for raw-body@https://registry.npmjs.org/raw-body/-/raw-body-3.0.2.tgz. Extracting by manifest.
111 silly tarball no local data for qs@https://registry.npmjs.org/qs/-/qs-6.15.1.tgz. Extracting by manifest.
112 silly tarball no local data for range-parser@https://registry.npmjs.org/range-parser/-/range-parser-1.2.1.tgz. Extracting by manifest.
113 silly tarball no local data for proxy-addr@https://registry.npmjs.org/proxy-addr/-/proxy-addr-2.0.7.tgz. Extracting by manifest.
114 silly tarball no local data for path-to-regexp@https://registry.npmjs.org/path-to-regexp/-/path-to-regexp-8.4.2.tgz. Extracting by manifest.
115 silly tarball no local data for parseurl@https://registry.npmjs.org/parseurl/-/parseurl-1.3.3.tgz. Extracting by manifest.
116 silly tarball no local data for once@https://registry.npmjs.org/once/-/once-1.4.0.tgz. Extracting by manifest.
117 silly tarball no local data for on-finished@https://registry.npmjs.org/on-finished/-/on-finished-2.4.1.tgz. Extracting by manifest.
118 silly tarball no local data for object-inspect@https://registry.npmjs.org/object-inspect/-/object-inspect-1.13.4.tgz. Extracting by manifest.
119 silly tarball no local data for negotiator@https://registry.npmjs.org/negotiator/-/negotiator-1.0.0.tgz. Extracting by manifest.
120 silly tarball no local data for named-placeholders@https://registry.npmjs.org/named-placeholders/-/named-placeholders-1.1.6.tgz. Extracting by manifest.
121 silly tarball no local data for mysql2@https://registry.npmjs.org/mysql2/-/mysql2-3.22.3.tgz. Extracting by manifest.
122 silly tarball no local data for ms@https://registry.npmjs.org/ms/-/ms-2.1.3.tgz. Extracting by manifest.
123 silly tarball no local data for mime-db@https://registry.npmjs.org/mime-db/-/mime-db-1.54.0.tgz. Extracting by manifest.
124 silly tarball no local data for merge-descriptors@https://registry.npmjs.org/merge-descriptors/-/merge-descriptors-2.0.0.tgz. Extracting by manifest.
125 silly tarball no local data for media-typer@https://registry.npmjs.org/media-typer/-/media-typer-1.1.0.tgz. Extracting by manifest.
126 silly tarball no local data for math-intrinsics@https://registry.npmjs.org/math-intrinsics/-/math-intrinsics-1.1.0.tgz. Extracting by manifest.
127 silly tarball no local data for lru.min@https://registry.npmjs.org/lru.min/-/lru.min-1.1.4.tgz. Extracting by manifest.
128 silly tarball no local data for long@https://registry.npmjs.org/long/-/long-5.3.2.tgz. Extracting by manifest.
129 silly tarball no local data for is-property@https://registry.npmjs.org/is-property/-/is-property-1.0.2.tgz. Extracting by manifest.
130 silly tarball no local data for is-promise@https://registry.npmjs.org/is-promise/-/is-promise-4.0.0.tgz. Extracting by manifest.
131 silly tarball no local data for ipaddr.js@https://registry.npmjs.org/ipaddr.js/-/ipaddr.js-1.9.1.tgz. Extracting by manifest.
132 silly tarball no local data for inherits@https://registry.npmjs.org/inherits/-/inherits-2.0.4.tgz. Extracting by manifest.
133 silly tarball no local data for iconv-lite@https://registry.npmjs.org/iconv-lite/-/iconv-lite-0.7.2.tgz. Extracting by manifest.
134 silly tarball no local data for hasown@https://registry.npmjs.org/hasown/-/hasown-2.0.3.tgz. Extracting by manifest.
135 silly tarball no local data for http-errors@https://registry.npmjs.org/http-errors/-/http-errors-2.0.1.tgz. Extracting by manifest.
136 silly tarball no local data for has-symbols@https://registry.npmjs.org/has-symbols/-/has-symbols-1.1.0.tgz. Extracting by manifest.
137 silly tarball no local data for gopd@https://registry.npmjs.org/gopd/-/gopd-1.2.0.tgz. Extracting by manifest.
138 silly tarball no local data for get-proto@https://registry.npmjs.org/get-proto/-/get-proto-1.0.1.tgz. Extracting by manifest.
139 silly tarball no local data for get-intrinsic@https://registry.npmjs.org/get-intrinsic/-/get-intrinsic-1.3.0.tgz. Extracting by manifest.
140 silly tarball no local data for function-bind@https://registry.npmjs.org/function-bind/-/function-bind-1.1.2.tgz. Extracting by manifest.
141 silly tarball no local data for generate-function@https://registry.npmjs.org/generate-function/-/generate-function-2.3.1.tgz. Extracting by manifest.
142 silly tarball no local data for fresh@https://registry.npmjs.org/fresh/-/fresh-2.0.0.tgz. Extracting by manifest.
143 silly tarball no local data for forwarded@https://registry.npmjs.org/forwarded/-/forwarded-0.2.0.tgz. Extracting by manifest.
144 silly tarball no local data for finalhandler@https://registry.npmjs.org/finalhandler/-/finalhandler-2.1.1.tgz. Extracting by manifest.
145 silly tarball no local data for express@https://registry.npmjs.org/express/-/express-5.2.1.tgz. Extracting by manifest.
146 silly tarball no local data for etag@https://registry.npmjs.org/etag/-/etag-1.8.1.tgz. Extracting by manifest.
147 silly tarball no local data for escape-html@https://registry.npmjs.org/escape-html/-/escape-html-1.0.3.tgz. Extracting by manifest.
148 silly tarball no local data for es-errors@https://registry.npmjs.org/es-errors/-/es-errors-1.3.0.tgz. Extracting by manifest.
149 silly tarball no local data for es-define-property@https://registry.npmjs.org/es-define-property/-/es-define-property-1.0.1.tgz. Extracting by manifest.
150 silly tarball no local data for mime-types@https://registry.npmjs.org/mime-types/-/mime-types-3.0.2.tgz. Extracting by manifest.
151 silly tarball no local data for es-object-atoms@https://registry.npmjs.org/es-object-atoms/-/es-object-atoms-1.1.1.tgz. Extracting by manifest.
152 silly tarball no local data for encodeurl@https://registry.npmjs.org/encodeurl/-/encodeurl-2.0.0.tgz. Extracting by manifest.
153 silly tarball no local data for dunder-proto@https://registry.npmjs.org/dunder-proto/-/dunder-proto-1.0.1.tgz. Extracting by manifest.
154 silly tarball no local data for dotenv@https://registry.npmjs.org/dotenv/-/dotenv-16.6.1.tgz. Extracting by manifest.
155 silly tarball no local data for depd@https://registry.npmjs.org/depd/-/depd-2.0.0.tgz. Extracting by manifest.
156 silly tarball no local data for denque@https://registry.npmjs.org/denque/-/denque-2.1.0.tgz. Extracting by manifest.
157 silly tarball no local data for debug@https://registry.npmjs.org/debug/-/debug-4.4.3.tgz. Extracting by manifest.
158 silly tarball no local data for cookie-signature@https://registry.npmjs.org/cookie-signature/-/cookie-signature-1.2.2.tgz. Extracting by manifest.
159 silly tarball no local data for cookie@https://registry.npmjs.org/cookie/-/cookie-0.7.2.tgz. Extracting by manifest.
160 silly tarball no local data for content-type@https://registry.npmjs.org/content-type/-/content-type-1.0.5.tgz. Extracting by manifest.
161 silly tarball no local data for content-disposition@https://registry.npmjs.org/content-disposition/-/content-disposition-1.1.0.tgz. Extracting by manifest.
162 silly tarball no local data for call-bound@https://registry.npmjs.org/call-bound/-/call-bound-1.0.4.tgz. Extracting by manifest.
163 silly tarball no local data for call-bind-apply-helpers@https://registry.npmjs.org/call-bind-apply-helpers/-/call-bind-apply-helpers-1.0.2.tgz. Extracting by manifest.
164 silly tarball no local data for bytes@https://registry.npmjs.org/bytes/-/bytes-3.1.2.tgz. Extracting by manifest.
165 silly tarball no local data for body-parser@https://registry.npmjs.org/body-parser/-/body-parser-2.2.2.tgz. Extracting by manifest.
166 silly tarball no local data for ee-first@https://registry.npmjs.org/ee-first/-/ee-first-1.1.1.tgz. Extracting by manifest.
167 silly tarball no local data for aws-ssl-profiles@https://registry.npmjs.org/aws-ssl-profiles/-/aws-ssl-profiles-1.1.2.tgz. Extracting by manifest.
168 silly tarball no local data for accepts@https://registry.npmjs.org/accepts/-/accepts-2.0.0.tgz. Extracting by manifest.
169 silly tarball no local data for @types/node@https://registry.npmjs.org/@types/node/-/node-25.6.2.tgz. Extracting by manifest.
170 http fetch GET 200 https://registry.npmjs.org/vary/-/vary-1.1.2.tgz 112ms (cache miss)
171 http fetch GET 200 https://registry.npmjs.org/wrappy/-/wrappy-1.0.2.tgz 110ms (cache miss)
172 http fetch GET 200 https://registry.npmjs.org/statuses/-/statuses-2.0.2.tgz 110ms (cache miss)
173 http fetch GET 200 https://registry.npmjs.org/side-channel-weakmap/-/side-channel-weakmap-1.0.2.tgz 110ms (cache miss)
174 http fetch GET 200 https://registry.npmjs.org/side-channel/-/side-channel-1.1.0.tgz 110ms (cache miss)
175 http fetch GET 200 https://registry.npmjs.org/sql-escaper/-/sql-escaper-1.3.3.tgz 115ms (cache miss)
176 http fetch GET 200 https://registry.npmjs.org/toidentifier/-/toidentifier-1.0.1.tgz 117ms (cache miss)
177 http fetch GET 200 https://registry.npmjs.org/unpipe/-/unpipe-1.0.0.tgz 117ms (cache miss)
178 http fetch GET 200 https://registry.npmjs.org/side-channel-list/-/side-channel-list-1.0.1.tgz 117ms (cache miss)
179 http fetch GET 200 https://registry.npmjs.org/serve-static/-/serve-static-2.2.1.tgz 116ms (cache miss)
180 http fetch GET 200 https://registry.npmjs.org/side-channel-map/-/side-channel-map-1.0.1.tgz 117ms (cache miss)
181 http fetch GET 200 https://registry.npmjs.org/type-is/-/type-is-2.0.1.tgz 117ms (cache miss)
182 http fetch GET 200 https://registry.npmjs.org/undici-types/-/undici-types-7.19.2.tgz 147ms (cache miss)
183 http fetch GET 200 https://registry.npmjs.org/setprototypeof/-/setprototypeof-1.2.0.tgz 146ms (cache miss)
184 http fetch GET 200 https://registry.npmjs.org/once/-/once-1.4.0.tgz 144ms (cache miss)
185 http fetch GET 200 https://registry.npmjs.org/range-parser/-/range-parser-1.2.1.tgz 146ms (cache miss)
186 http fetch GET 200 https://registry.npmjs.org/parseurl/-/parseurl-1.3.3.tgz 145ms (cache miss)
187 http fetch GET 200 https://registry.npmjs.org/proxy-addr/-/proxy-addr-2.0.7.tgz 146ms (cache miss)
188 http fetch GET 200 https://registry.npmjs.org/raw-body/-/raw-body-3.0.2.tgz 146ms (cache miss)
189 http fetch GET 200 https://registry.npmjs.org/on-finished/-/on-finished-2.4.1.tgz 145ms (cache miss)
190 http fetch GET 200 https://registry.npmjs.org/send/-/send-1.2.1.tgz 148ms (cache miss)
191 http fetch GET 200 https://registry.npmjs.org/safer-buffer/-/safer-buffer-2.1.2.tgz 148ms (cache miss)
192 http fetch GET 200 https://registry.npmjs.org/path-to-regexp/-/path-to-regexp-8.4.2.tgz 147ms (cache miss)
193 http fetch GET 200 https://registry.npmjs.org/router/-/router-2.2.0.tgz 149ms (cache miss)
194 http fetch GET 200 https://registry.npmjs.org/qs/-/qs-6.15.1.tgz 150ms (cache miss)
195 http fetch POST 200 https://registry.npmjs.org/-/npm/v1/security/advisories/bulk 176ms
196 silly audit report {}
197 http fetch GET 200 https://registry.npmjs.org/merge-descriptors/-/merge-descriptors-2.0.0.tgz 171ms (cache miss)
198 http fetch GET 200 https://registry.npmjs.org/named-placeholders/-/named-placeholders-1.1.6.tgz 172ms (cache miss)
199 http fetch GET 200 https://registry.npmjs.org/media-typer/-/media-typer-1.1.0.tgz 172ms (cache miss)
200 http fetch GET 200 https://registry.npmjs.org/negotiator/-/negotiator-1.0.0.tgz 173ms (cache miss)
201 http fetch GET 200 https://registry.npmjs.org/ms/-/ms-2.1.3.tgz 173ms (cache miss)
202 http fetch GET 200 https://registry.npmjs.org/lru.min/-/lru.min-1.1.4.tgz 173ms (cache miss)
203 http fetch GET 200 https://registry.npmjs.org/npm 239ms
204 http fetch GET 200 https://registry.npmjs.org/mime-db/-/mime-db-1.54.0.tgz 189ms (cache miss)
205 http fetch GET 200 https://registry.npmjs.org/is-promise/-/is-promise-4.0.0.tgz 189ms (cache miss)
206 http fetch GET 200 https://registry.npmjs.org/long/-/long-5.3.2.tgz 190ms (cache miss)
207 http fetch GET 200 https://registry.npmjs.org/is-property/-/is-property-1.0.2.tgz 190ms (cache miss)
208 http fetch GET 200 https://registry.npmjs.org/math-intrinsics/-/math-intrinsics-1.1.0.tgz 190ms (cache miss)
209 http fetch GET 200 https://registry.npmjs.org/object-inspect/-/object-inspect-1.13.4.tgz 194ms (cache miss)
210 http fetch GET 200 https://registry.npmjs.org/hasown/-/hasown-2.0.3.tgz 232ms (cache miss)
211 http fetch GET 200 https://registry.npmjs.org/inherits/-/inherits-2.0.4.tgz 234ms (cache miss)
212 http fetch GET 200 https://registry.npmjs.org/fresh/-/fresh-2.0.0.tgz 232ms (cache miss)
213 http fetch GET 200 https://registry.npmjs.org/gopd/-/gopd-1.2.0.tgz 233ms (cache miss)
214 http fetch GET 200 https://registry.npmjs.org/finalhandler/-/finalhandler-2.1.1.tgz 232ms (cache miss)
215 http fetch GET 200 https://registry.npmjs.org/forwarded/-/forwarded-0.2.0.tgz 232ms (cache miss)
216 http fetch GET 200 https://registry.npmjs.org/get-proto/-/get-proto-1.0.1.tgz 233ms (cache miss)
217 http fetch GET 200 https://registry.npmjs.org/generate-function/-/generate-function-2.3.1.tgz 234ms (cache miss)
218 http fetch GET 200 https://registry.npmjs.org/http-errors/-/http-errors-2.0.1.tgz 234ms (cache miss)
219 http fetch GET 200 https://registry.npmjs.org/ipaddr.js/-/ipaddr.js-1.9.1.tgz 237ms (cache miss)
220 http fetch GET 200 https://registry.npmjs.org/function-bind/-/function-bind-1.1.2.tgz 236ms (cache miss)
221 http fetch GET 200 https://registry.npmjs.org/get-intrinsic/-/get-intrinsic-1.3.0.tgz 237ms (cache miss)
222 http fetch GET 200 https://registry.npmjs.org/has-symbols/-/has-symbols-1.1.0.tgz 238ms (cache miss)
223 http fetch GET 200 https://registry.npmjs.org/mysql2/-/mysql2-3.22.3.tgz 248ms (cache miss)
224 http fetch GET 200 https://registry.npmjs.org/escape-html/-/escape-html-1.0.3.tgz 271ms (cache miss)
225 http fetch GET 200 https://registry.npmjs.org/es-object-atoms/-/es-object-atoms-1.1.1.tgz 270ms (cache miss)
226 http fetch GET 200 https://registry.npmjs.org/encodeurl/-/encodeurl-2.0.0.tgz 270ms (cache miss)
227 http fetch GET 200 https://registry.npmjs.org/es-define-property/-/es-define-property-1.0.1.tgz 271ms (cache miss)
228 http fetch GET 200 https://registry.npmjs.org/etag/-/etag-1.8.1.tgz 271ms (cache miss)
229 http fetch GET 200 https://registry.npmjs.org/mime-types/-/mime-types-3.0.2.tgz 272ms (cache miss)
230 http fetch GET 200 https://registry.npmjs.org/es-errors/-/es-errors-1.3.0.tgz 273ms (cache miss)
231 http fetch GET 200 https://registry.npmjs.org/dunder-proto/-/dunder-proto-1.0.1.tgz 273ms (cache miss)
232 http fetch GET 200 https://registry.npmjs.org/dotenv/-/dotenv-16.6.1.tgz 273ms (cache miss)
233 http fetch GET 200 https://registry.npmjs.org/express/-/express-5.2.1.tgz 275ms (cache miss)
234 http fetch GET 200 https://registry.npmjs.org/denque/-/denque-2.1.0.tgz 288ms (cache miss)
235 http fetch GET 200 https://registry.npmjs.org/depd/-/depd-2.0.0.tgz 288ms (cache miss)
236 http fetch GET 200 https://registry.npmjs.org/debug/-/debug-4.4.3.tgz 289ms (cache miss)
237 http fetch GET 200 https://registry.npmjs.org/bytes/-/bytes-3.1.2.tgz 302ms (cache miss)
238 http fetch GET 200 https://registry.npmjs.org/ee-first/-/ee-first-1.1.1.tgz 304ms (cache miss)
239 http fetch GET 200 https://registry.npmjs.org/content-type/-/content-type-1.0.5.tgz 304ms (cache miss)
240 http fetch GET 200 https://registry.npmjs.org/content-disposition/-/content-disposition-1.1.0.tgz 305ms (cache miss)
241 http fetch GET 200 https://registry.npmjs.org/accepts/-/accepts-2.0.0.tgz 304ms (cache miss)
242 http fetch GET 200 https://registry.npmjs.org/cookie/-/cookie-0.7.2.tgz 305ms (cache miss)
243 http fetch GET 200 https://registry.npmjs.org/cookie-signature/-/cookie-signature-1.2.2.tgz 307ms (cache miss)
244 http fetch GET 200 https://registry.npmjs.org/call-bind-apply-helpers/-/call-bind-apply-helpers-1.0.2.tgz 306ms (cache miss)
245 http fetch GET 200 https://registry.npmjs.org/call-bound/-/call-bound-1.0.4.tgz 306ms (cache miss)
246 http fetch GET 200 https://registry.npmjs.org/body-parser/-/body-parser-2.2.2.tgz 306ms (cache miss)
247 http fetch GET 200 https://registry.npmjs.org/iconv-lite/-/iconv-lite-0.7.2.tgz 310ms (cache miss)
248 http fetch GET 200 https://registry.npmjs.org/aws-ssl-profiles/-/aws-ssl-profiles-1.1.2.tgz 337ms (cache miss)
249 http fetch GET 200 https://registry.npmjs.org/@types/node/-/node-25.6.2.tgz 493ms (cache miss)
250 silly ADD node_modules/wrappy
251 silly ADD node_modules/vary
252 silly ADD node_modules/unpipe
253 silly ADD node_modules/undici-types
254 silly ADD node_modules/type-is
255 silly ADD node_modules/toidentifier
256 silly ADD node_modules/statuses
257 silly ADD node_modules/sql-escaper
258 silly ADD node_modules/side-channel-weakmap
259 silly ADD node_modules/side-channel-map
260 silly ADD node_modules/side-channel-list
261 silly ADD node_modules/side-channel
262 silly ADD node_modules/setprototypeof
263 silly ADD node_modules/serve-static
264 silly ADD node_modules/send
265 silly ADD node_modules/safer-buffer
266 silly ADD node_modules/router
267 silly ADD node_modules/raw-body
268 silly ADD node_modules/range-parser
269 silly ADD node_modules/qs
270 silly ADD node_modules/proxy-addr
271 silly ADD node_modules/path-to-regexp
272 silly ADD node_modules/parseurl
273 silly ADD node_modules/once
274 silly ADD node_modules/on-finished
275 silly ADD node_modules/object-inspect
276 silly ADD node_modules/negotiator
277 silly ADD node_modules/named-placeholders
278 silly ADD node_modules/mysql2
279 silly ADD node_modules/ms
280 silly ADD node_modules/mime-types
281 silly ADD node_modules/mime-db
282 silly ADD node_modules/merge-descriptors
283 silly ADD node_modules/media-typer
284 silly ADD node_modules/math-intrinsics
285 silly ADD node_modules/lru.min
286 silly ADD node_modules/long
287 silly ADD node_modules/is-property
288 silly ADD node_modules/is-promise
289 silly ADD node_modules/ipaddr.js
290 silly ADD node_modules/inherits
291 silly ADD node_modules/iconv-lite
292 silly ADD node_modules/http-errors
293 silly ADD node_modules/hasown
294 silly ADD node_modules/has-symbols
295 silly ADD node_modules/gopd
296 silly ADD node_modules/get-proto
297 silly ADD node_modules/get-intrinsic
298 silly ADD node_modules/generate-function
299 silly ADD node_modules/function-bind
300 silly ADD node_modules/fresh
301 silly ADD node_modules/forwarded
302 silly ADD node_modules/finalhandler
303 silly ADD node_modules/express
304 silly ADD node_modules/etag
305 silly ADD node_modules/escape-html
306 silly ADD node_modules/es-object-atoms
307 silly ADD node_modules/es-errors
308 silly ADD node_modules/es-define-property
309 silly ADD node_modules/encodeurl
310 silly ADD node_modules/ee-first
311 silly ADD node_modules/dunder-proto
312 silly ADD node_modules/dotenv
313 silly ADD node_modules/depd
314 silly ADD node_modules/denque
315 silly ADD node_modules/debug
316 silly ADD node_modules/cookie-signature
317 silly ADD node_modules/cookie
318 silly ADD node_modules/content-type
319 silly ADD node_modules/content-disposition
320 silly ADD node_modules/call-bound
321 silly ADD node_modules/call-bind-apply-helpers
322 silly ADD node_modules/bytes
323 silly ADD node_modules/body-parser
324 silly ADD node_modules/aws-ssl-profiles
325 silly ADD node_modules/accepts
326 silly ADD node_modules/@types/node
327 verbose cwd /Users/alexgilbert/Documents/UMBC/IS436-Project-1
328 verbose os Darwin 25.4.0
329 verbose node v24.11.1
330 verbose npm  v11.6.2
331 notice
331 notice New [33mminor[39m version of npm available! [33m11.6.2[39m -> [34m11.14.1[39m
331 notice Changelog: [34mhttps://github.com/npm/cli/releases/tag/v11.14.1[39m
331 notice To update run: [4mnpm install -g npm@11.14.1[24m
331 notice  { force: true, Symbol(proc-log.meta): true }
332 verbose exit 0
333 info ok
